<?xml version="1.0" encoding="UTF-8"?>
<!-- Generated by org.testng.reporters.JUnitReportReporter -->
<testsuite hostname="LAPTOP-UEETHQBE" failures="0" tests="1" name="Testcases.TC004_FlightDetailsTest" time="3.512" errors="0" timestamp="2024-09-18T13:06:11 CDT" skipped="0">
  <testcase classname="Testcases.TC004_FlightDetailsTest" name="Flights" time="3.512"/>
</testsuite> <!-- Testcases.TC004_FlightDetailsTest -->
