<?xml version="1.0" encoding="UTF-8"?>
<!-- Generated by org.testng.reporters.JUnitReportReporter -->
<testsuite hostname="LAPTOP-UEETHQBE" failures="0" tests="1" name="Testcases.TC005_EndToEndTest" time="20.395" errors="0" timestamp="2024-09-18T13:04:11 CDT" skipped="0">
  <testcase classname="Testcases.TC005_EndToEndTest" name="FinalTest" time="20.395"/>
</testsuite> <!-- Testcases.TC005_EndToEndTest -->
