<?xml version="1.0" encoding="UTF-8"?>
<!-- Generated by org.testng.reporters.JUnitReportReporter -->
<testsuite hostname="LAPTOP-UEETHQBE" failures="0" tests="1" name="Testcases.TC002_LoginTest" time="1.123" errors="0" timestamp="2024-09-18T13:06:11 CDT" skipped="0">
  <testcase classname="Testcases.TC002_LoginTest" name="Login" time="1.123"/>
</testsuite> <!-- Testcases.TC002_LoginTest -->
